2023-03-28 00:03:36 info: multi-school node server is listening on port 5000 in undefined mode
2023-03-28 00:24:35 info: multi-school node server is listening on port 5000 in undefined mode
2023-03-28 00:25:20 info: multi-school node server is listening on port 5000 in undefined mode
2023-03-28 00:25:22 info: multi-school node server is listening on port 5000 in undefined mode
2023-03-28 00:27:29 info: multi-school node server is listening on port 5000 in undefined mode
2023-03-28 00:27:47 info: multi-school node server is listening on port 5000 in undefined mode
2023-03-28 00:28:27 info: multi-school node server is listening on port 5000 in undefined mode
2023-03-28 08:37:18 info: multi-school node server is listening on port 5000 in undefined mode
2023-03-30 17:25:23 info: multi-school node server is listening on port 5000 in undefined mode
2023-03-30 17:29:37 info: multi-school node server is listening on port 5000 in undefined mode
2023-03-30 17:30:00 info: multi-school node server is listening on port 5000 in undefined mode
2023-03-30 17:30:04 info: multi-school node server is listening on port 5000 in undefined mode
2023-03-30 17:31:38 error: Error occured while connecting to database with:{}
2023-03-30 17:31:38 info: multi-school node server is listening on port 5000 in undefined mode
2023-03-30 17:32:20 error: Error occured while connecting to database with:{}
2023-03-30 17:32:20 info: multi-school node server is listening on port 5000 in undefined mode
2023-03-30 17:42:54 error: Error occured while connecting to database with:{}
2023-03-30 17:42:54 info: multi-school node server is listening on port 5000 in undefined mode
2023-03-30 17:42:59 error: Error occured while connecting to database with:{}
2023-03-30 17:42:59 info: multi-school node server is listening on port 5000 in undefined mode
2023-03-30 17:43:21 error: Error occured while connecting to database with:{}
2023-03-30 17:43:21 info: multi-school node server is listening on port 5000 in undefined mode
2023-03-30 17:43:59 error: Error occured while connecting to database with:{}
2023-03-30 17:43:59 info: multi-school node server is listening on port 5000 in undefined mode
2023-03-30 17:44:04 error: Error occured while connecting to database with:{}
2023-03-30 17:44:04 info: multi-school node server is listening on port 5000 in undefined mode
2023-03-30 17:45:00 error: JWT_KEY must be defined
2023-03-30 17:46:24 error: Error occured while connecting to database with:{}
2023-03-30 17:46:24 info: multi-school node server is listening on port 5000 in undefined mode
2023-03-30 17:46:35 error: Error occured while connecting to database with:{}
2023-03-30 17:46:35 info: multi-school node server is listening on port 5000 in undefined mode
2023-03-30 17:46:40 error: Error occured while connecting to database with:{}
2023-03-30 17:46:40 info: multi-school node server is listening on port 5000 in undefined mode
2023-03-30 17:47:26 error: Error occured while connecting to database with:{}
2023-03-30 17:47:26 info: multi-school node server is listening on port 5000 in undefined mode
2023-03-30 17:48:34 error: Error occured while connecting to database with:{}
2023-03-30 17:48:34 info: multi-school node server is listening on port 5000 in undefined mode
2023-03-30 17:48:43 error: Error occured while connecting to database with:{}
2023-03-30 17:48:43 info: multi-school node server is listening on port 5000 in undefined mode
2023-03-30 17:49:05 error: Error occured while connecting to database with:{}
2023-03-30 17:49:05 info: multi-school node server is listening on port 5000 in undefined mode
2023-03-30 17:50:01 error: Error occured while connecting to database with:{}
2023-03-30 17:50:01 info: multi-school node server is listening on port 5000 in undefined mode
2023-03-30 17:50:05 error: Error occured while connecting to database with:{}
2023-03-30 17:50:05 info: multi-school node server is listening on port 5000 in undefined mode
2023-03-30 17:50:46 info: multi-school node server is listening on port 5000 in undefined mode
2023-03-30 17:51:26 info: multi-school node server is listening on port 5000 in undefined mode
2023-03-30 17:52:20 info: multi-school node server is listening on port 5000 in undefined mode
2023-03-30 17:53:48 error: Error occured while connecting to database with:{}
2023-03-30 17:53:48 info: multi-school node server is listening on port 5000 in undefined mode
2023-03-30 17:54:03 error: Error occured while connecting to database with:{}
2023-03-30 17:54:03 info: multi-school node server is listening on port 5000 in undefined mode
2023-03-30 17:54:07 error: Error occured while connecting to database with:{}
2023-03-30 17:54:07 info: multi-school node server is listening on port 5000 in undefined mode
2023-03-30 17:55:11 error: Error occured while connecting to database with:{}
2023-03-30 17:55:11 info: multi-school node server is listening on port 5000 in undefined mode
2023-03-30 17:55:58 info: multi-school node server is listening on port 5000 in undefined mode
2023-03-30 17:56:45 error: JWT_KEY must be defined
2023-03-30 17:57:11 info: multi-school node server is listening on port 5000 in undefined mode
2023-03-30 17:57:21 info: multi-school node server is listening on port 5000 in undefined mode
2023-03-30 18:04:08 info: multi-school node server is listening on port 5000 in undefined mode
2023-03-30 18:09:49 info: multi-school node server is listening on port 5000 in undefined mode
2023-03-30 18:11:19 info: multi-school node server is listening on port 5000 in undefined mode
2023-03-30 18:17:09 info: multi-school node server is listening on port 5000 in undefined mode
2023-03-30 18:17:30 error: Error occured while connecting to database with:{"index":0,"code":11000,"keyPattern":{"email":1},"keyValue":{"email":"ABC@school.com"}}
2023-03-30 18:17:56 info: multi-school node server is listening on port 5000 in undefined mode
2023-03-30 18:18:00 info: multi-school node server is listening on port 5000 in undefined mode
2023-03-30 18:18:04 error: Error occured while connecting to database with:{"index":0,"code":11000,"keyPattern":{"email":1},"keyValue":{"email":"ABC@school.com"}}
2023-03-30 18:24:24 info: multi-school node server is listening on port 5000 in undefined mode
2023-03-30 18:24:33 error: Error occured while connecting to database with:{"index":0,"code":11000,"keyPattern":{"email":1},"keyValue":{"email":"ABC@school.com"}}
2023-03-30 18:29:27 info: multi-school node server is listening on port 5000 in undefined mode
2023-03-30 18:31:23 info: multi-school node server is listening on port 5000 in undefined mode
2023-03-30 18:34:45 info: multi-school node server is listening on port 5000 in undefined mode
2023-03-30 18:37:38 info: multi-school node server is listening on port 5000 in undefined mode
2023-03-30 18:38:34 info: multi-school node server is listening on port 5000 in undefined mode
2023-03-30 18:38:46 error: Error occured while creating school. Error:{"index":0,"code":11000,"keyPattern":{"email":1},"keyValue":{"email":"ABC@school.com"}}
2023-03-30 18:41:04 info: multi-school node server is listening on port 5000 in undefined mode
2023-03-30 18:42:01 info: multi-school node server is listening on port 5000 in undefined mode
2023-03-30 18:42:59 error: Error occured while creating school. Error:{"index":0,"code":11000,"keyPattern":{"email":1},"keyValue":{"email":"ABC@school.com"}}
2023-03-30 20:14:38 info: multi-school node server is listening on port 5000 in undefined mode
2023-03-30 20:15:32 info: multi-school node server is listening on port 5000 in undefined mode
2023-03-30 20:15:45 error: Error occured while creating school. Error:{"index":0,"code":11000,"keyPattern":{"email":1},"keyValue":{"email":"ABC@school.com"}}
2023-03-30 20:16:28 info: multi-school node server is listening on port 5000 in undefined mode
2023-03-30 20:16:34 info: multi-school node server is listening on port 5000 in undefined mode
2023-03-30 20:16:44 error: Error occured while creating school. Error:{"index":0,"code":11000,"keyPattern":{"email":1},"keyValue":{"email":"ABC@school.com"}}
2023-03-30 20:17:46 info: multi-school node server is listening on port 5000 in undefined mode
2023-03-30 20:17:51 error: Error occured while creating school. Error:{"index":0,"code":11000,"keyPattern":{"email":1},"keyValue":{"email":"ABC@school.com"}}
2023-03-30 20:23:04 info: multi-school node server is listening on port 5000 in undefined mode
2023-03-30 20:23:12 error: Error occured while creating school. Error:{"index":0,"code":11000,"keyPattern":{"email":1},"keyValue":{"email":"ABC@school.com"}}
2023-03-30 20:23:37 info: multi-school node server is listening on port 5000 in undefined mode
2023-03-30 20:23:55 info: multi-school node server is listening on port 5000 in undefined mode
2023-03-30 20:24:30 info: multi-school node server is listening on port 5000 in undefined mode
2023-03-30 20:24:42 info: multi-school node server is listening on port 5000 in undefined mode
2023-03-30 20:25:02 info: multi-school node server is listening on port 5000 in undefined mode
2023-03-30 20:25:08 error: Error occured while creating school. Error:{"index":0,"code":11000,"keyPattern":{"email":1},"keyValue":{"email":"ABC@school.com"}}
2023-03-30 20:26:19 info: multi-school node server is listening on port 5000 in undefined mode
2023-03-30 20:26:27 info: multi-school node server is listening on port 5000 in undefined mode
2023-03-30 20:26:37 error: Error occured while creating school. Error:{"index":0,"code":11000,"keyPattern":{"email":1},"keyValue":{"email":"ABC@school.com"}}
2023-03-30 20:27:56 info: multi-school node server is listening on port 5000 in undefined mode
2023-03-30 20:29:31 info: multi-school node server is listening on port 5000 in undefined mode
2023-03-30 20:29:37 error: Error occured while creating school. Error:{"index":0,"code":11000,"keyPattern":{"email":1},"keyValue":{"email":"ABC@school.com"}}
2023-03-30 20:41:20 info: multi-school node server is listening on port 5000 in undefined mode
2023-03-30 20:41:48 info: multi-school node server is listening on port 5000 in undefined mode
2023-03-30 20:48:14 info: multi-school node server is listening on port 5000 in undefined mode
2023-03-30 20:49:03 info: multi-school node server is listening on port 5000 in undefined mode
2023-03-30 20:49:15 error: loggedErr:{"statusCode":500}
2023-03-30 20:57:54 info: multi-school node server is listening on port 5000 in undefined mode
2023-03-30 21:03:26 info: multi-school node server is listening on port 5000 in undefined mode
2023-03-30 21:05:15 info: multi-school node server is listening on port 5000 in undefined mode
2023-03-30 21:13:48 info: multi-school node server is listening on port 5000 in undefined mode
2023-03-30 21:18:29 info: multi-school node server is listening on port 5000 in undefined mode
2023-03-31 11:10:53 info: multi-school node server is listening on port 5000 in undefined mode
2023-03-31 11:11:16 info: multi-school node server is listening on port 5000 in undefined mode
2023-03-31 11:17:23 info: multi-school node server is listening on port 5000 in undefined mode
2023-03-31 11:17:29 info: multi-school node server is listening on port 5000 in undefined mode
2023-03-31 11:19:42 info: multi-school node server is listening on port 5000 in undefined mode
2023-03-31 11:20:34 info: multi-school node server is listening on port 5000 in undefined mode
2023-03-31 11:23:09 info: multi-school node server is listening on port 5000 in undefined mode
2023-03-31 11:24:33 info: multi-school node server is listening on port 5000 in undefined mode
2023-03-31 11:24:59 info: multi-school node server is listening on port 5000 in undefined mode
2023-03-31 11:25:21 info: multi-school node server is listening on port 5000 in undefined mode
2023-03-31 11:35:13 info: multi-school node server is listening on port 5000 in undefined mode
2023-03-31 11:36:29 info: multi-school node server is listening on port 5000 in undefined mode
2023-03-31 11:42:29 info: multi-school node server is listening on port 5000 in undefined mode
2023-03-31 11:42:35 info: multi-school node server is listening on port 5000 in undefined mode
2023-04-02 18:43:59 info: multi-school node server is listening on port 5000 in undefined mode
2023-04-02 18:44:09 info: multi-school node server is listening on port 5000 in undefined mode
2023-04-03 13:20:17 info: multi-school node server is listening on port 5000 in undefined mode
2023-04-03 13:20:23 info: multi-school node server is listening on port 5000 in undefined mode
2023-04-03 13:21:49 info: multi-school node server is listening on port 5000 in undefined mode
2023-04-03 13:22:49 info: multi-school node server is listening on port 5000 in undefined mode
2023-04-03 13:24:15 info: multi-school node server is listening on port 5000 in undefined mode
2023-04-03 13:34:58 info: multi-school node server is listening on port 5000 in undefined mode
2023-04-03 13:42:05 info: multi-school node server is listening on port 5000 in undefined mode
2023-04-03 13:52:24 info: multi-school node server is listening on port 5000 in undefined mode
2023-04-03 13:52:42 info: multi-school node server is listening on port 5000 in undefined mode
2023-04-03 13:53:31 info: multi-school node server is listening on port 5000 in undefined mode
2023-04-03 13:55:04 info: multi-school node server is listening on port 5000 in undefined mode
2023-04-03 14:01:41 info: multi-school node server is listening on port 5000 in undefined mode
2023-04-03 14:01:50 error: Error occurred while fetching school list. Error:{}
2023-04-03 14:01:50 error: loggedErr:{"statusCode":500}
2023-04-03 14:12:10 info: multi-school node server is listening on port 5000 in undefined mode
2023-04-03 21:00:44 info: multi-school node server is listening on port 5000 in undefined mode
2023-04-03 21:05:12 info: multi-school node server is listening on port 5000 in undefined mode
2023-04-03 21:21:41 info: multi-school node server is listening on port 5000 in undefined mode
2023-04-03 21:22:13 info: multi-school node server is listening on port 5000 in undefined mode
2023-04-03 21:24:05 info: multi-school node server is listening on port 5000 in undefined mode
2023-04-03 21:25:00 info: multi-school node server is listening on port 5000 in undefined mode
2023-04-03 21:25:00 error: Error connecting to Redis: Error: connect ECONNREFUSED 127.0.0.1:6379
2023-04-03 21:29:10 info: multi-school node server is listening on port 5000 in undefined mode
2023-04-03 21:29:10 error: Error connecting to Redis: Error: connect ECONNREFUSED 127.0.0.1:6379
2023-04-03 21:29:30 info: multi-school node server is listening on port 5000 in undefined mode
2023-04-03 21:29:30 error: Error connecting to Redis: Error: connect ECONNREFUSED 127.0.0.1:6379
2023-04-03 21:29:49 info: multi-school node server is listening on port 5000 in undefined mode
2023-04-03 21:29:49 error: Error connecting to Redis: Error: connect ECONNREFUSED 127.0.0.1:6379
2023-04-03 22:01:19 info: multi-school node server is listening on port 5000 in undefined mode
2023-04-03 22:01:19 error: Error connecting to Redis: Error: connect ECONNREFUSED 127.0.0.1:6379
2023-04-03 22:02:34 info: multi-school node server is listening on port 5000 in undefined mode
2023-04-03 22:02:34 error: Error connecting to Redis: Error: connect ECONNREFUSED 127.0.0.1:6379
2023-04-03 22:02:43 info: multi-school node server is listening on port 5000 in undefined mode
2023-04-03 22:02:43 error: Error connecting to Redis: Error: connect ECONNREFUSED 127.0.0.1:6379
2023-04-03 22:07:10 info: multi-school node server is listening on port 5000 in undefined mode
2023-04-03 22:07:13 error: Error connecting to Redis: Error: getaddrinfo ENOTFOUND redis-server
2023-04-03 22:07:29 info: multi-school node server is listening on port 5000 in undefined mode
2023-04-03 22:07:29 error: Error connecting to Redis: Error: connect ECONNREFUSED 127.0.0.1:6379
2023-04-03 22:12:31 info: multi-school node server is listening on port 5000 in undefined mode
2023-04-03 22:12:31 error: Error connecting to Redis Error: connect ECONNREFUSED 127.0.0.1:6379
2023-04-03 22:14:25 info: multi-school node server is listening on port 5000 in undefined mode
2023-04-03 22:14:25 error: Error connecting to Redis Error: connect ECONNREFUSED 127.0.0.1:6379
2023-04-03 22:23:38 info: multi-school node server is listening on port 5000 in undefined mode
2023-04-03 22:23:38 error: Error connecting to Redis Error: connect ECONNREFUSED 127.0.0.1:6379
2023-04-03 22:32:38 info: multi-school node server is listening on port 5000 in undefined mode
2023-04-03 22:32:38 error: Error connecting to Redis Error: connect ECONNREFUSED 127.0.0.1:6379
2023-04-03 22:33:53 info: multi-school node server is listening on port 5000 in undefined mode
2023-04-03 22:33:53 error: Error connecting to Redis Error: connect ECONNREFUSED 127.0.0.1:6379
2023-04-04 23:17:22 info: multi-school node server is listening on port 5000 in undefined mode
2023-04-04 23:17:22 error: Error connecting to Redis Error: connect ECONNREFUSED 127.0.0.1:6379
2023-04-04 23:22:52 info: multi-school node server is listening on port 5000 in undefined mode
2023-04-04 23:30:30 info: multi-school node server is listening on port 5000 in undefined mode
2023-04-04 23:34:55 info: multi-school node server is listening on port 5000 in undefined mode
2023-04-04 23:35:13 info: multi-school node server is listening on port 5000 in undefined mode
2023-04-04 23:39:13 info: multi-school node server is listening on port 5000 in undefined mode
2023-04-04 23:41:20 info: multi-school node server is listening on port 5000 in undefined mode
2023-04-04 23:43:12 error: Error sending email: Error: Invalid login: 535-5.7.8 Username and Password not accepted. Learn more at
535 5.7.8  https://support.google.com/mail/?p=BadCredentials l5-20020a5d5265000000b002e55cc69169sm13409847wrc.38 - gsmtp
2023-04-04 23:46:51 error: Error sending email: Error: Invalid login: 535-5.7.8 Username and Password not accepted. Learn more at
535 5.7.8  https://support.google.com/mail/?p=BadCredentials o11-20020a056000010b00b002de9a0b0a20sm13263473wrx.113 - gsmtp
2023-04-05 00:18:07 info: multi-school node server is listening on port 5000 in undefined mode
2023-04-06 20:17:25 info: multi-school node server is listening on port 5000 in undefined mode
2023-04-06 20:17:41 info: multi-school node server is listening on port 5000 in undefined mode
2023-04-06 20:20:44 info: multi-school node server is listening on port 5000 in undefined mode
2023-04-06 20:20:44 error: Error connecting to Redis Error: connect ECONNREFUSED 127.0.0.1:6379
2023-04-08 17:10:09 info: multi-school node server is listening on port 5000 in undefined mode
2023-04-08 17:10:09 error: Error connecting to Redis Error: connect ECONNREFUSED 127.0.0.1:6379
2023-04-08 17:10:14 info: multi-school node server is listening on port 5000 in undefined mode
2023-04-08 17:10:14 error: Error connecting to Redis Error: connect ECONNREFUSED 127.0.0.1:6379
2023-04-08 17:10:46 info: multi-school node server is listening on port 5000 in undefined mode
2023-04-08 17:12:45 info: multi-school node server is listening on port 5000 in undefined mode
2023-04-08 17:28:31 info: multi-school node server is listening on port 5000 in undefined mode
2023-04-08 17:31:49 info: multi-school node server is listening on port 5000 in undefined mode
2023-04-08 17:35:01 info: multi-school node server is listening on port 5000 in undefined mode
2023-04-08 17:37:47 info: multi-school node server is listening on port 5000 in undefined mode
2023-04-08 17:38:51 info: multi-school node server is listening on port 5000 in undefined mode
2023-04-08 17:43:07 info: multi-school node server is listening on port 5000 in undefined mode
2023-04-08 17:43:55 info: multi-school node server is listening on port 5000 in undefined mode
2023-04-08 17:51:03 info: multi-school node server is listening on port 5000 in undefined mode
2023-04-08 17:53:32 info: multi-school node server is listening on port 5000 in undefined mode
2023-04-08 17:53:44 info: multi-school node server is listening on port 5000 in undefined mode
2023-04-08 18:02:01 info: multi-school node server is listening on port 5000 in undefined mode
2023-04-08 18:02:12 info: multi-school node server is listening on port 5000 in undefined mode
2023-04-08 18:02:44 info: multi-school node server is listening on port 5000 in undefined mode
2023-04-08 18:03:02 info: multi-school node server is listening on port 5000 in undefined mode
2023-04-08 18:05:33 info: multi-school node server is listening on port 5000 in undefined mode
2023-04-08 18:07:29 info: multi-school node server is listening on port 5000 in undefined mode
2023-04-08 18:08:36 info: multi-school node server is listening on port 5000 in undefined mode
2023-04-08 18:09:22 info: multi-school node server is listening on port 5000 in undefined mode
2023-04-08 18:11:37 info: multi-school node server is listening on port 5000 in undefined mode
2023-04-08 18:18:50 info: multi-school node server is listening on port 5000 in undefined mode
2023-04-08 18:23:25 info: multi-school node server is listening on port 5000 in undefined mode
2023-04-08 18:28:30 info: multi-school node server is listening on port 5000 in undefined mode
2023-04-08 18:29:47 info: multi-school node server is listening on port 5000 in undefined mode
2023-04-09 17:04:01 info: multi-school node server is listening on port 5000 in undefined mode
2023-04-09 17:09:34 info: multi-school node server is listening on port 5000 in undefined mode
2023-04-09 17:11:27 info: multi-school node server is listening on port 5000 in undefined mode
2023-04-09 17:50:25 info: multi-school node server is listening on port 5000 in undefined mode
2023-04-09 17:50:49 info: multi-school node server is listening on port 5000 in undefined mode
2023-04-09 17:51:05 info: multi-school node server is listening on port 5000 in undefined mode
2023-04-09 17:51:19 info: multi-school node server is listening on port 5000 in undefined mode
2023-04-09 18:08:34 info: multi-school node server is listening on port 5000 in undefined mode
2023-04-09 18:10:54 info: multi-school node server is listening on port 5000 in undefined mode
2023-04-09 18:24:51 info: multi-school node server is listening on port 5000 in undefined mode
2023-04-09 18:48:07 info: multi-school node server is listening on port 5000 in undefined mode
2023-04-09 18:51:15 info: multi-school node server is listening on port 5000 in undefined mode
2023-04-09 18:51:35 info: multi-school node server is listening on port 5000 in undefined mode
2023-04-09 18:55:54 info: multi-school node server is listening on port 5000 in undefined mode
2023-04-09 18:56:33 error: {"expose":true,"statusCode":400,"status":400,"body":"{\r\n    \"title\":\"2023 winter session\",\r\n    \"year\":\"2023\",\r\n   \r\n}","type":"entity.parse.failed"}
2023-04-09 18:56:33 error: loggedErr:{"expose":true,"statusCode":400,"status":400,"body":"{\r\n    \"title\":\"2023 winter session\",\r\n    \"year\":\"2023\",\r\n   \r\n}","type":"entity.parse.failed"}
2023-04-09 18:59:06 info: multi-school node server is listening on port 5000 in undefined mode
2023-04-09 18:59:16 error: loggedErr:{"statusCode":400}
2023-04-09 19:00:21 info: multi-school node server is listening on port 5000 in undefined mode
2023-04-09 19:01:01 info: multi-school node server is listening on port 5000 in undefined mode
2023-04-09 19:04:53 info: multi-school node server is listening on port 5000 in undefined mode
2023-04-09 19:08:09 error: loggedErr:{"statusCode":400}
2023-04-09 19:14:02 info: multi-school node server is listening on port 5000 in undefined mode
2023-04-09 19:21:16 info: multi-school node server is listening on port 5000 in undefined mode
2023-04-09 19:23:23 info: multi-school node server is listening on port 5000 in undefined mode
2023-04-09 19:37:11 error: loggedErr:{"statusCode":400}
2023-04-09 19:42:37 error: loggedErr:{"statusCode":400}
2023-04-09 19:44:47 error: Error sending email: Error: Invalid login: 535-5.7.8 Username and Password not accepted. Learn more at
535 5.7.8  https://support.google.com/mail/?p=BadCredentials v5-20020a5d6785000000b002ca864b807csm9835878wru.0 - gsmtp
2023-04-10 04:16:25 info: multi-school node server is listening on port 5000 in undefined mode
2023-04-10 04:16:33 info: multi-school node server is listening on port 5000 in undefined mode
2023-04-10 04:17:06 info: multi-school node server is listening on port 5000 in undefined mode
2023-04-19 10:24:06 info: multi-school node server is listening on port 5000 in undefined mode
2023-04-19 10:26:14 info: multi-school node server is listening on port 5000 in undefined mode
2023-04-19 10:58:14 info: multi-school node server is listening on port 5000 in undefined mode
2023-04-19 11:07:45 info: multi-school node server is listening on port 5000 in undefined mode
2023-04-19 11:13:08 info: multi-school node server is listening on port 5000 in undefined mode
2023-04-19 13:45:57 info: multi-school node server is listening on port 5000 in undefined mode
2023-04-19 13:50:54 info: multi-school node server is listening on port 5000 in undefined mode
2023-04-19 13:51:05 info: multi-school node server is listening on port 5000 in undefined mode
2023-04-19 14:49:36 info: multi-school node server is listening on port 5000 in undefined mode
2023-04-19 14:50:14 info: multi-school node server is listening on port 5000 in undefined mode
2023-04-19 14:50:22 info: multi-school node server is listening on port 5000 in undefined mode
2023-04-19 15:01:01 info: multi-school node server is listening on port 5000 in undefined mode
2023-04-19 15:03:30 info: multi-school node server is listening on port 5000 in undefined mode
2023-04-19 15:03:38 info: multi-school node server is listening on port 5000 in undefined mode
2023-04-19 15:04:40 info: multi-school node server is listening on port 5000 in undefined mode
2023-04-19 15:04:50 info: multi-school node server is listening on port 5000 in undefined mode
2023-04-19 15:06:16 info: multi-school node server is listening on port 5000 in undefined mode
2023-04-19 15:06:24 info: multi-school node server is listening on port 5000 in undefined mode
2023-04-19 15:24:10 info: multi-school node server is listening on port 5000 in undefined mode
2023-04-19 15:33:25 info: multi-school node server is listening on port 5000 in undefined mode
2023-04-19 15:38:40 info: multi-school node server is listening on port 5000 in undefined mode
2023-04-19 15:51:23 info: multi-school node server is listening on port 5000 in undefined mode
2023-04-19 15:51:34 info: multi-school node server is listening on port 5000 in undefined mode
2023-04-19 16:00:37 info: multi-school node server is listening on port 5000 in undefined mode
2023-04-19 16:00:47 info: multi-school node server is listening on port 5000 in undefined mode
2023-04-19 16:11:06 info: multi-school node server is listening on port 5000 in undefined mode
2023-04-19 16:11:15 info: multi-school node server is listening on port 5000 in undefined mode
2023-04-19 16:14:47 info: multi-school node server is listening on port 5000 in undefined mode
2023-04-19 16:16:56 info: multi-school node server is listening on port 5000 in undefined mode
2023-04-19 16:21:18 info: multi-school node server is listening on port 5000 in undefined mode
2023-04-19 19:59:08 info: multi-school node server is listening on port 5000 in undefined mode
2023-04-19 20:03:40 info: multi-school node server is listening on port 5000 in undefined mode
2023-04-19 20:11:02 info: multi-school node server is listening on port 5000 in undefined mode
2023-04-19 20:15:53 info: multi-school node server is listening on port 5000 in undefined mode
2023-04-19 20:36:34 info: multi-school node server is listening on port 5000 in undefined mode
2023-04-19 22:10:52 info: multi-school node server is listening on port 5000 in undefined mode
2023-04-19 22:21:44 info: multi-school node server is listening on port 5000 in undefined mode
2023-04-19 23:38:53 error: Error occurred while creating academicYear. Error:{}
2023-04-19 23:38:53 error: Error occurred while creating academicClass. Error:{"errors":{"academicYear":{"stringValue":"\"test\"","valueType":"string","kind":"ObjectId","value":"test","path":"academicYear","reason":{},"name":"CastError","message":"Cast to ObjectId failed for value \"test\" (type string) at path \"academicYear\" because of \"BSONError\""}},"_message":"AcademicClassModel validation failed","name":"ValidationError","message":"AcademicClassModel validation failed: academicYear: Cast to ObjectId failed for value \"test\" (type string) at path \"academicYear\" because of \"BSONError\""}
2023-04-19 23:38:53 error: Error occurred while creating academicClass. Error:{}
2023-04-19 23:41:19 error: Error occurred while creating academicYear. Error:{}
2023-04-19 23:41:19 error: Error occurred while creating academicClass. Error:{"errors":{"academicYear":{"stringValue":"\"test\"","valueType":"string","kind":"ObjectId","value":"test","path":"academicYear","reason":{},"name":"CastError","message":"Cast to ObjectId failed for value \"test\" (type string) at path \"academicYear\" because of \"BSONError\""}},"_message":"AcademicClassModel validation failed","name":"ValidationError","message":"AcademicClassModel validation failed: academicYear: Cast to ObjectId failed for value \"test\" (type string) at path \"academicYear\" because of \"BSONError\""}
2023-04-19 23:41:19 error: Error occurred while creating academicClass. Error:{}
2023-04-19 23:44:45 error: Error occurred while creating academicYear. Error:{}
2023-04-19 23:44:45 error: Error occurred while creating academicClass. Error:{"errors":{"academicYear":{"stringValue":"\"test\"","valueType":"string","kind":"ObjectId","value":"test","path":"academicYear","reason":{},"name":"CastError","message":"Cast to ObjectId failed for value \"test\" (type string) at path \"academicYear\" because of \"BSONError\""}},"_message":"AcademicClassModel validation failed","name":"ValidationError","message":"AcademicClassModel validation failed: academicYear: Cast to ObjectId failed for value \"test\" (type string) at path \"academicYear\" because of \"BSONError\""}
2023-04-19 23:44:45 error: Error occurred while creating academicClass. Error:{}
2023-04-20 06:17:17 error: Error occurred while creating academicYear. Error:{}
2023-04-20 06:17:17 error: Error occurred while creating academicClass. Error:{"errors":{"academicYear":{"stringValue":"\"test\"","valueType":"string","kind":"ObjectId","value":"test","path":"academicYear","reason":{},"name":"CastError","message":"Cast to ObjectId failed for value \"test\" (type string) at path \"academicYear\" because of \"BSONError\""}},"_message":"AcademicClassModel validation failed","name":"ValidationError","message":"AcademicClassModel validation failed: academicYear: Cast to ObjectId failed for value \"test\" (type string) at path \"academicYear\" because of \"BSONError\""}
2023-04-20 06:17:17 error: Error occurred while creating academicClass. Error:{}
2023-04-20 06:20:41 error: Error occurred while creating academicYear. Error:{}
2023-04-20 06:20:41 error: Error occurred while creating academicClass. Error:{"errors":{"academicYear":{"stringValue":"\"test\"","valueType":"string","kind":"ObjectId","value":"test","path":"academicYear","reason":{},"name":"CastError","message":"Cast to ObjectId failed for value \"test\" (type string) at path \"academicYear\" because of \"BSONError\""}},"_message":"AcademicClassModel validation failed","name":"ValidationError","message":"AcademicClassModel validation failed: academicYear: Cast to ObjectId failed for value \"test\" (type string) at path \"academicYear\" because of \"BSONError\""}
2023-04-20 06:20:41 error: Error occurred while creating academicClass. Error:{}
2023-04-20 06:29:02 error: Error occurred while creating academicYear. Error:{}
2023-04-20 06:29:02 error: Error occurred while creating academicClass. Error:{"errors":{"academicYear":{"stringValue":"\"test\"","valueType":"string","kind":"ObjectId","value":"test","path":"academicYear","reason":{},"name":"CastError","message":"Cast to ObjectId failed for value \"test\" (type string) at path \"academicYear\" because of \"BSONError\""}},"_message":"AcademicClassModel validation failed","name":"ValidationError","message":"AcademicClassModel validation failed: academicYear: Cast to ObjectId failed for value \"test\" (type string) at path \"academicYear\" because of \"BSONError\""}
2023-04-20 06:29:02 error: Error occurred while creating academicClass. Error:{}
2023-04-24 17:34:43 error: Error occurred while creating academicYear. Error:{}
2023-04-24 17:34:43 error: Error occurred while creating academicClass. Error:{"errors":{"academicYear":{"stringValue":"\"test\"","valueType":"string","kind":"ObjectId","value":"test","path":"academicYear","reason":{},"name":"CastError","message":"Cast to ObjectId failed for value \"test\" (type string) at path \"academicYear\" because of \"BSONError\""}},"_message":"AcademicClassModel validation failed","name":"ValidationError","message":"AcademicClassModel validation failed: academicYear: Cast to ObjectId failed for value \"test\" (type string) at path \"academicYear\" because of \"BSONError\""}
2023-04-24 17:34:43 error: Error occurred while creating academicClass. Error:{}
2023-04-24 17:36:31 error: Error occurred while creating academicYear. Error:{}
2023-04-24 17:36:31 error: Error occurred while creating academicClass. Error:{"errors":{"academicYear":{"stringValue":"\"test\"","valueType":"string","kind":"ObjectId","value":"test","path":"academicYear","reason":{},"name":"CastError","message":"Cast to ObjectId failed for value \"test\" (type string) at path \"academicYear\" because of \"BSONError\""}},"_message":"AcademicClassModel validation failed","name":"ValidationError","message":"AcademicClassModel validation failed: academicYear: Cast to ObjectId failed for value \"test\" (type string) at path \"academicYear\" because of \"BSONError\""}
2023-04-24 17:36:31 error: Error occurred while creating academicClass. Error:{}
2023-04-24 17:42:00 error: Error occurred while creating academicYear. Error:{}
2023-04-24 17:42:00 error: Error occurred while creating academicClass. Error:{"errors":{"academicYear":{"stringValue":"\"test\"","valueType":"string","kind":"ObjectId","value":"test","path":"academicYear","reason":{},"name":"CastError","message":"Cast to ObjectId failed for value \"test\" (type string) at path \"academicYear\" because of \"BSONError\""}},"_message":"AcademicClassModel validation failed","name":"ValidationError","message":"AcademicClassModel validation failed: academicYear: Cast to ObjectId failed for value \"test\" (type string) at path \"academicYear\" because of \"BSONError\""}
2023-04-24 17:42:00 error: Error occurred while creating academicClass. Error:{}
