2023-03-30 17:31:38 error: Error occured while connecting to database with:{}
2023-03-30 17:32:20 error: Error occured while connecting to database with:{}
2023-03-30 17:42:54 error: Error occured while connecting to database with:{}
2023-03-30 17:42:59 error: Error occured while connecting to database with:{}
2023-03-30 17:43:21 error: Error occured while connecting to database with:{}
2023-03-30 17:43:59 error: Error occured while connecting to database with:{}
2023-03-30 17:44:04 error: Error occured while connecting to database with:{}
2023-03-30 17:45:00 error: JWT_KEY must be defined
2023-03-30 17:46:24 error: Error occured while connecting to database with:{}
2023-03-30 17:46:35 error: Error occured while connecting to database with:{}
2023-03-30 17:46:40 error: Error occured while connecting to database with:{}
2023-03-30 17:47:26 error: Error occured while connecting to database with:{}
2023-03-30 17:48:34 error: Error occured while connecting to database with:{}
2023-03-30 17:48:43 error: Error occured while connecting to database with:{}
2023-03-30 17:49:05 error: Error occured while connecting to database with:{}
2023-03-30 17:50:01 error: Error occured while connecting to database with:{}
2023-03-30 17:50:05 error: Error occured while connecting to database with:{}
2023-03-30 17:53:48 error: Error occured while connecting to database with:{}
2023-03-30 17:54:03 error: Error occured while connecting to database with:{}
2023-03-30 17:54:07 error: Error occured while connecting to database with:{}
2023-03-30 17:55:11 error: Error occured while connecting to database with:{}
2023-03-30 17:56:45 error: JWT_KEY must be defined
2023-03-30 18:17:30 error: Error occured while connecting to database with:{"index":0,"code":11000,"keyPattern":{"email":1},"keyValue":{"email":"ABC@school.com"}}
2023-03-30 18:18:04 error: Error occured while connecting to database with:{"index":0,"code":11000,"keyPattern":{"email":1},"keyValue":{"email":"ABC@school.com"}}
2023-03-30 18:24:33 error: Error occured while connecting to database with:{"index":0,"code":11000,"keyPattern":{"email":1},"keyValue":{"email":"ABC@school.com"}}
2023-03-30 18:38:46 error: Error occured while creating school. Error:{"index":0,"code":11000,"keyPattern":{"email":1},"keyValue":{"email":"ABC@school.com"}}
2023-03-30 18:42:59 error: Error occured while creating school. Error:{"index":0,"code":11000,"keyPattern":{"email":1},"keyValue":{"email":"ABC@school.com"}}
2023-03-30 20:15:45 error: Error occured while creating school. Error:{"index":0,"code":11000,"keyPattern":{"email":1},"keyValue":{"email":"ABC@school.com"}}
2023-03-30 20:16:44 error: Error occured while creating school. Error:{"index":0,"code":11000,"keyPattern":{"email":1},"keyValue":{"email":"ABC@school.com"}}
2023-03-30 20:17:51 error: Error occured while creating school. Error:{"index":0,"code":11000,"keyPattern":{"email":1},"keyValue":{"email":"ABC@school.com"}}
2023-03-30 20:23:12 error: Error occured while creating school. Error:{"index":0,"code":11000,"keyPattern":{"email":1},"keyValue":{"email":"ABC@school.com"}}
2023-03-30 20:25:08 error: Error occured while creating school. Error:{"index":0,"code":11000,"keyPattern":{"email":1},"keyValue":{"email":"ABC@school.com"}}
2023-03-30 20:26:37 error: Error occured while creating school. Error:{"index":0,"code":11000,"keyPattern":{"email":1},"keyValue":{"email":"ABC@school.com"}}
2023-03-30 20:29:37 error: Error occured while creating school. Error:{"index":0,"code":11000,"keyPattern":{"email":1},"keyValue":{"email":"ABC@school.com"}}
2023-03-30 20:49:15 error: loggedErr:{"statusCode":500}
2023-04-03 14:01:50 error: Error occurred while fetching school list. Error:{}
2023-04-03 14:01:50 error: loggedErr:{"statusCode":500}
2023-04-03 21:25:00 error: Error connecting to Redis: Error: connect ECONNREFUSED 127.0.0.1:6379
2023-04-03 21:29:10 error: Error connecting to Redis: Error: connect ECONNREFUSED 127.0.0.1:6379
2023-04-03 21:29:30 error: Error connecting to Redis: Error: connect ECONNREFUSED 127.0.0.1:6379
2023-04-03 21:29:49 error: Error connecting to Redis: Error: connect ECONNREFUSED 127.0.0.1:6379
2023-04-03 22:01:19 error: Error connecting to Redis: Error: connect ECONNREFUSED 127.0.0.1:6379
2023-04-03 22:02:34 error: Error connecting to Redis: Error: connect ECONNREFUSED 127.0.0.1:6379
2023-04-03 22:02:43 error: Error connecting to Redis: Error: connect ECONNREFUSED 127.0.0.1:6379
2023-04-03 22:07:13 error: Error connecting to Redis: Error: getaddrinfo ENOTFOUND redis-server
2023-04-03 22:07:29 error: Error connecting to Redis: Error: connect ECONNREFUSED 127.0.0.1:6379
2023-04-03 22:12:31 error: Error connecting to Redis Error: connect ECONNREFUSED 127.0.0.1:6379
2023-04-03 22:14:25 error: Error connecting to Redis Error: connect ECONNREFUSED 127.0.0.1:6379
2023-04-03 22:23:38 error: Error connecting to Redis Error: connect ECONNREFUSED 127.0.0.1:6379
2023-04-03 22:32:38 error: Error connecting to Redis Error: connect ECONNREFUSED 127.0.0.1:6379
2023-04-03 22:33:53 error: Error connecting to Redis Error: connect ECONNREFUSED 127.0.0.1:6379
2023-04-04 23:17:22 error: Error connecting to Redis Error: connect ECONNREFUSED 127.0.0.1:6379
2023-04-04 23:43:12 error: Error sending email: Error: Invalid login: 535-5.7.8 Username and Password not accepted. Learn more at
535 5.7.8  https://support.google.com/mail/?p=BadCredentials l5-20020a5d5265000000b002e55cc69169sm13409847wrc.38 - gsmtp
2023-04-04 23:46:51 error: Error sending email: Error: Invalid login: 535-5.7.8 Username and Password not accepted. Learn more at
535 5.7.8  https://support.google.com/mail/?p=BadCredentials o11-20020a056000010b00b002de9a0b0a20sm13263473wrx.113 - gsmtp
2023-04-06 20:20:44 error: Error connecting to Redis Error: connect ECONNREFUSED 127.0.0.1:6379
2023-04-08 17:10:09 error: Error connecting to Redis Error: connect ECONNREFUSED 127.0.0.1:6379
2023-04-08 17:10:14 error: Error connecting to Redis Error: connect ECONNREFUSED 127.0.0.1:6379
2023-04-09 18:56:33 error: {"expose":true,"statusCode":400,"status":400,"body":"{\r\n    \"title\":\"2023 winter session\",\r\n    \"year\":\"2023\",\r\n   \r\n}","type":"entity.parse.failed"}
2023-04-09 18:56:33 error: loggedErr:{"expose":true,"statusCode":400,"status":400,"body":"{\r\n    \"title\":\"2023 winter session\",\r\n    \"year\":\"2023\",\r\n   \r\n}","type":"entity.parse.failed"}
2023-04-09 18:59:16 error: loggedErr:{"statusCode":400}
2023-04-09 19:08:09 error: loggedErr:{"statusCode":400}
2023-04-09 19:37:11 error: loggedErr:{"statusCode":400}
2023-04-09 19:42:37 error: loggedErr:{"statusCode":400}
2023-04-09 19:44:47 error: Error sending email: Error: Invalid login: 535-5.7.8 Username and Password not accepted. Learn more at
535 5.7.8  https://support.google.com/mail/?p=BadCredentials v5-20020a5d6785000000b002ca864b807csm9835878wru.0 - gsmtp
2023-04-19 23:38:53 error: Error occurred while creating academicYear. Error:{}
2023-04-19 23:38:53 error: Error occurred while creating academicClass. Error:{"errors":{"academicYear":{"stringValue":"\"test\"","valueType":"string","kind":"ObjectId","value":"test","path":"academicYear","reason":{},"name":"CastError","message":"Cast to ObjectId failed for value \"test\" (type string) at path \"academicYear\" because of \"BSONError\""}},"_message":"AcademicClassModel validation failed","name":"ValidationError","message":"AcademicClassModel validation failed: academicYear: Cast to ObjectId failed for value \"test\" (type string) at path \"academicYear\" because of \"BSONError\""}
2023-04-19 23:38:53 error: Error occurred while creating academicClass. Error:{}
2023-04-19 23:41:19 error: Error occurred while creating academicYear. Error:{}
2023-04-19 23:41:19 error: Error occurred while creating academicClass. Error:{"errors":{"academicYear":{"stringValue":"\"test\"","valueType":"string","kind":"ObjectId","value":"test","path":"academicYear","reason":{},"name":"CastError","message":"Cast to ObjectId failed for value \"test\" (type string) at path \"academicYear\" because of \"BSONError\""}},"_message":"AcademicClassModel validation failed","name":"ValidationError","message":"AcademicClassModel validation failed: academicYear: Cast to ObjectId failed for value \"test\" (type string) at path \"academicYear\" because of \"BSONError\""}
2023-04-19 23:41:19 error: Error occurred while creating academicClass. Error:{}
2023-04-19 23:44:45 error: Error occurred while creating academicYear. Error:{}
2023-04-19 23:44:45 error: Error occurred while creating academicClass. Error:{"errors":{"academicYear":{"stringValue":"\"test\"","valueType":"string","kind":"ObjectId","value":"test","path":"academicYear","reason":{},"name":"CastError","message":"Cast to ObjectId failed for value \"test\" (type string) at path \"academicYear\" because of \"BSONError\""}},"_message":"AcademicClassModel validation failed","name":"ValidationError","message":"AcademicClassModel validation failed: academicYear: Cast to ObjectId failed for value \"test\" (type string) at path \"academicYear\" because of \"BSONError\""}
2023-04-19 23:44:45 error: Error occurred while creating academicClass. Error:{}
2023-04-20 06:17:17 error: Error occurred while creating academicYear. Error:{}
2023-04-20 06:17:17 error: Error occurred while creating academicClass. Error:{"errors":{"academicYear":{"stringValue":"\"test\"","valueType":"string","kind":"ObjectId","value":"test","path":"academicYear","reason":{},"name":"CastError","message":"Cast to ObjectId failed for value \"test\" (type string) at path \"academicYear\" because of \"BSONError\""}},"_message":"AcademicClassModel validation failed","name":"ValidationError","message":"AcademicClassModel validation failed: academicYear: Cast to ObjectId failed for value \"test\" (type string) at path \"academicYear\" because of \"BSONError\""}
2023-04-20 06:17:17 error: Error occurred while creating academicClass. Error:{}
2023-04-20 06:20:41 error: Error occurred while creating academicYear. Error:{}
2023-04-20 06:20:41 error: Error occurred while creating academicClass. Error:{"errors":{"academicYear":{"stringValue":"\"test\"","valueType":"string","kind":"ObjectId","value":"test","path":"academicYear","reason":{},"name":"CastError","message":"Cast to ObjectId failed for value \"test\" (type string) at path \"academicYear\" because of \"BSONError\""}},"_message":"AcademicClassModel validation failed","name":"ValidationError","message":"AcademicClassModel validation failed: academicYear: Cast to ObjectId failed for value \"test\" (type string) at path \"academicYear\" because of \"BSONError\""}
2023-04-20 06:20:41 error: Error occurred while creating academicClass. Error:{}
2023-04-20 06:29:02 error: Error occurred while creating academicYear. Error:{}
2023-04-20 06:29:02 error: Error occurred while creating academicClass. Error:{"errors":{"academicYear":{"stringValue":"\"test\"","valueType":"string","kind":"ObjectId","value":"test","path":"academicYear","reason":{},"name":"CastError","message":"Cast to ObjectId failed for value \"test\" (type string) at path \"academicYear\" because of \"BSONError\""}},"_message":"AcademicClassModel validation failed","name":"ValidationError","message":"AcademicClassModel validation failed: academicYear: Cast to ObjectId failed for value \"test\" (type string) at path \"academicYear\" because of \"BSONError\""}
2023-04-20 06:29:02 error: Error occurred while creating academicClass. Error:{}
2023-04-24 17:34:43 error: Error occurred while creating academicYear. Error:{}
2023-04-24 17:34:43 error: Error occurred while creating academicClass. Error:{"errors":{"academicYear":{"stringValue":"\"test\"","valueType":"string","kind":"ObjectId","value":"test","path":"academicYear","reason":{},"name":"CastError","message":"Cast to ObjectId failed for value \"test\" (type string) at path \"academicYear\" because of \"BSONError\""}},"_message":"AcademicClassModel validation failed","name":"ValidationError","message":"AcademicClassModel validation failed: academicYear: Cast to ObjectId failed for value \"test\" (type string) at path \"academicYear\" because of \"BSONError\""}
2023-04-24 17:34:43 error: Error occurred while creating academicClass. Error:{}
2023-04-24 17:36:31 error: Error occurred while creating academicYear. Error:{}
2023-04-24 17:36:31 error: Error occurred while creating academicClass. Error:{"errors":{"academicYear":{"stringValue":"\"test\"","valueType":"string","kind":"ObjectId","value":"test","path":"academicYear","reason":{},"name":"CastError","message":"Cast to ObjectId failed for value \"test\" (type string) at path \"academicYear\" because of \"BSONError\""}},"_message":"AcademicClassModel validation failed","name":"ValidationError","message":"AcademicClassModel validation failed: academicYear: Cast to ObjectId failed for value \"test\" (type string) at path \"academicYear\" because of \"BSONError\""}
2023-04-24 17:36:31 error: Error occurred while creating academicClass. Error:{}
2023-04-24 17:42:00 error: Error occurred while creating academicYear. Error:{}
2023-04-24 17:42:00 error: Error occurred while creating academicClass. Error:{"errors":{"academicYear":{"stringValue":"\"test\"","valueType":"string","kind":"ObjectId","value":"test","path":"academicYear","reason":{},"name":"CastError","message":"Cast to ObjectId failed for value \"test\" (type string) at path \"academicYear\" because of \"BSONError\""}},"_message":"AcademicClassModel validation failed","name":"ValidationError","message":"AcademicClassModel validation failed: academicYear: Cast to ObjectId failed for value \"test\" (type string) at path \"academicYear\" because of \"BSONError\""}
2023-04-24 17:42:00 error: Error occurred while creating academicClass. Error:{}
